<?xml version="1.0" encoding="UTF-8"?>
<testsuite name="Cucumber" time="133.575" tests="17" skipped="0" failures="3" errors="0">
<testcase classname="Add lessons to module" name="Add lesson with valid credentials" time="6.189">
<system-out><![CDATA[
Given the admin is on the home page.........................................passed
When the admin clicks on connexion..........................................passed
And the admin enters mouna.makni@talan.com and Admin09$.....................passed
And the admin clicks on login button........................................passed
When the admin clicks on cursus button......................................passed
And the admin clicks on edit cursus button..................................passed
And the admin clicks on edit module button..................................passed
And the interface for adding a lesson appears...............................passed
And the admin types "LeconTest" and "Test00" as title and status of the lesson.passed
Then the add button becomes enabled.........................................passed
]]></system-out>
</testcase>
<testcase classname="Add lessons to module" name="Add lesson with invalid credentials - Example #1.1" time="4.785">
<system-out><![CDATA[
Given the admin is on the home page.........................................passed
When the admin clicks on connexion..........................................passed
And the admin enters mouna.makni@talan.com and Admin09$.....................passed
And the admin clicks on login button........................................passed
When the admin clicks on cursus button......................................passed
And the admin clicks on edit cursus button..................................passed
And the admin clicks on edit module button..................................passed
And the interface for adding a lesson appears...............................passed
And the admin types "" and Test00 of the lesson.............................passed
Then the add button does not become enabled.................................passed
]]></system-out>
</testcase>
<testcase classname="Add lessons to module" name="Add lesson with invalid credentials - Example #1.2" time="4.648">
<system-out><![CDATA[
Given the admin is on the home page.........................................passed
When the admin clicks on connexion..........................................passed
And the admin enters mouna.makni@talan.com and Admin09$.....................passed
And the admin clicks on login button........................................passed
When the admin clicks on cursus button......................................passed
And the admin clicks on edit cursus button..................................passed
And the admin clicks on edit module button..................................passed
And the interface for adding a lesson appears...............................passed
And the admin types LeconTest and "" of the lesson..........................passed
Then the add button does not become enabled.................................passed
]]></system-out>
</testcase>
<testcase classname="Add lessons to module" name="Add lesson with invalid credentials - Example #1.3" time="4.657">
<failure type="java.lang.AssertionError">
<![CDATA[java.lang.AssertionError
	at org.junit.Assert.fail(Assert.java:87)
	at org.junit.Assert.assertTrue(Assert.java:42)
	at org.junit.Assert.assertFalse(Assert.java:65)
	at org.junit.Assert.assertFalse(Assert.java:75)
	at stepsDefinition.AddLessonSteps.the_add_button_does_not_become_enabled(AddLessonSteps.java:57)
	at ✽.the add button does not become enabled(file:///C:/Users/obenammar/Desktop/Jenkins_PR/src/test/resources/features/addLesson.feature:27)
]]>
</failure>
<system-out><![CDATA[
Given the admin is on the home page.........................................passed
When the admin clicks on connexion..........................................passed
And the admin enters mouna.makni@talan.com and Admin09$.....................passed
And the admin clicks on login button........................................passed
When the admin clicks on cursus button......................................passed
And the admin clicks on edit cursus button..................................passed
And the admin clicks on edit module button..................................passed
And the interface for adding a lesson appears...............................passed
And the admin types " " and " " of the lesson...............................passed
Then the add button does not become enabled.................................failed
]]></system-out>
</testcase>
<testcase classname="Add lessons to module" name="Check that the lesson has been added" time="4.129">
<system-out><![CDATA[
Given the admin is on the home page.........................................passed
When the admin clicks on connexion..........................................passed
And the admin enters mouna.makni@talan.com and Admin09$.....................passed
And the admin clicks on login button........................................passed
When the admin clicks on cursus button......................................passed
And the admin clicks on edit cursus button..................................passed
And the admin enters the module info........................................passed
Then the lesson has been added..............................................passed
]]></system-out>
</testcase>
<testcase classname="Display of Candidatures in the Table" name="Verifying the display of all required candidature details" time="4.662">
<system-out><![CDATA[
Given the admin is on the home page.........................................passed
When the admin clicks on connexion..........................................passed
And the admin enters mouna.makni@talan.com and Admin09$.....................passed
And the admin clicks on login button........................................passed
And the admin navigates to the candidature section..........................passed
Then a valid full name should be displayed for each candidature.............passed
And a valid date format should be displayed for each candidature............passed
And a valid cursus should be displayed for each candidature.................passed
And a valid email should be displayed for each candidature..................passed
And a valid phone number should be displayed for each candidature...........passed
And a valid status should be displayed for each candidature.................passed
]]></system-out>
</testcase>
<testcase classname="Display of Candidatures in the Table" name="Verifying the display of action buttons for each candidature" time="4.208">
<system-out><![CDATA[
Given the admin is on the home page.........................................passed
When the admin clicks on connexion..........................................passed
And the admin enters mouna.makni@talan.com and Admin09$.....................passed
And the admin clicks on login button........................................passed
And the admin navigates to the candidature section..........................passed
Then an information button should be displayed for each candidature.........passed
And a download CV button should be displayed for each candidature...........passed
And a candidature treatment action should be displayed only for candidatures with the status Accepted or In process.passed
]]></system-out>
</testcase>
<testcase classname="Extraction and Filtering of Candidate Data" name="Extracting Candidate data" time="43.446">
<system-out><![CDATA[
Given the admin is on the home page.........................................passed
When the admin clicks on connexion..........................................passed
And the admin enters mouna.makni@talan.com and Admin09$.....................passed
And the admin clicks on login button........................................passed
And the admin navigates to the candidature section..........................passed
When the admin download data from multiple pages............................passed
Then data of all candidatures should be extracted...........................passed
]]></system-out>
</testcase>
<testcase classname="Login" name="Check login with valid credentials - Example #1.1" time="3.941">
<system-out><![CDATA[
Given the admin is on the home page.........................................passed
When the admin clicks on connexion..........................................passed
And the admin enters mouna.makni@talan.com and Admin09$.....................passed
And the admin clicks on login button........................................passed
Then the admin is on the dashboard page.....................................passed
]]></system-out>
</testcase>
<testcase classname="Pagination on the Candidature Interface" name="Navigate to the third page using the next page button" time="3.881">
<system-out><![CDATA[
Given the admin is on the home page.........................................passed
When the admin clicks on connexion..........................................passed
And the admin enters mouna.makni@talan.com and Admin09$.....................passed
And the admin clicks on login button........................................passed
And the admin navigates to the candidature section..........................passed
When the admin is on the second page of candidatures........................passed
And the admin clicks on the next page button................................passed
Then the third page of candidatures should be displayed.....................passed
]]></system-out>
</testcase>
<testcase classname="Pagination on the Candidature Interface" name="Navigate to the first page using the previous page button from the second page" time="4.295">
<system-out><![CDATA[
Given the admin is on the home page.........................................passed
When the admin clicks on connexion..........................................passed
And the admin enters mouna.makni@talan.com and Admin09$.....................passed
And the admin clicks on login button........................................passed
And the admin navigates to the candidature section..........................passed
When the admin is on the second page of candidatures........................passed
And the admin clicks on the previous page button............................passed
Then the first page of candidatures should be displayed.....................passed
]]></system-out>
</testcase>
<testcase classname="Pagination on the Candidature Interface" name="Navigate to the final page using the final page button" time="4.121">
<system-out><![CDATA[
Given the admin is on the home page.........................................passed
When the admin clicks on connexion..........................................passed
And the admin enters mouna.makni@talan.com and Admin09$.....................passed
And the admin clicks on login button........................................passed
And the admin navigates to the candidature section..........................passed
When the admin is on the second page of candidatures........................passed
And the admin clicks on the final page button...............................passed
Then the last page of candidatures should be displayed......................passed
]]></system-out>
</testcase>
<testcase classname="Pagination on the Candidature Interface" name="Navigate to the first page using the first page button from the second page" time="4.155">
<system-out><![CDATA[
Given the admin is on the home page.........................................passed
When the admin clicks on connexion..........................................passed
And the admin enters mouna.makni@talan.com and Admin09$.....................passed
And the admin clicks on login button........................................passed
And the admin navigates to the candidature section..........................passed
When the admin is on the second page of candidatures........................passed
And the admin clicks on the first page button...............................passed
Then the first page of candidatures should be displayed.....................passed
]]></system-out>
</testcase>
<testcase classname="Verify recherche field" name="As an admin, I want to search for a candidat by name - Example #1.1" time="10.585">
<system-out><![CDATA[
Given the admin is on the home page.........................................passed
When the admin clicks on connexion..........................................passed
And the admin enters mouna.makni@talan.com and Admin09$.....................passed
And the admin clicks on login button........................................passed
When the admin navigates to the candidature section.........................passed
And the admin types "Sami" in the search field..............................passed
Then the data of the candidat should appear.................................passed
]]></system-out>
</testcase>
<testcase classname="Verify recherche field" name="As an admin, I want to search for a candidat by full name - Example #1.1" time="4.04">
<failure type="java.lang.AssertionError" message="No results message should be displayed">
<![CDATA[java.lang.AssertionError: No results message should be displayed
	at org.junit.Assert.fail(Assert.java:89)
	at org.junit.Assert.assertTrue(Assert.java:42)
	at org.junit.Assert.assertFalse(Assert.java:65)
	at stepsDefinition.ResearchCandidatureSteps.the_data_of_the_candidat_should_appear(ResearchCandidatureSteps.java:32)
	at ✽.the data of the candidat should appear(file:///C:/Users/obenammar/Desktop/Jenkins_PR/src/test/resources/features/researchCandidature.feature:25)
]]>
</failure>
<system-out><![CDATA[
Given the admin is on the home page.........................................passed
When the admin clicks on connexion..........................................passed
And the admin enters mouna.makni@talan.com and Admin09$.....................passed
And the admin clicks on login button........................................passed
When the admin navigates to the candidature section.........................passed
And the admin types "Sami Kammoun" in the search field......................passed
Then the data of the candidat should appear.................................failed
]]></system-out>
</testcase>
<testcase classname="Verify recherche field" name="As an admin, I want to search for a candidat by email - Example #1.1" time="10.74">
<system-out><![CDATA[
Given the admin is on the home page.........................................passed
When the admin clicks on connexion..........................................passed
And the admin enters mouna.makni@talan.com and Admin09$.....................passed
And the admin clicks on login button........................................passed
When the admin navigates to the candidature section.........................passed
And the admin types "samikammoun@gmail.com" in the search field.............passed
Then the data of the candidat should appear.................................passed
]]></system-out>
</testcase>
<testcase classname="Verify recherche field" name="As an admin, I want to search for a candidat by situation - Example #1.1" time="10.716">
<failure type="java.lang.AssertionError" message="No results message should be displayed">
<![CDATA[java.lang.AssertionError: No results message should be displayed
	at org.junit.Assert.fail(Assert.java:89)
	at org.junit.Assert.assertTrue(Assert.java:42)
	at stepsDefinition.ResearchCandidatureSteps.no_candidat_data_should_appear(ResearchCandidatureSteps.java:37)
	at ✽.no candidat data should appear(file:///C:/Users/obenammar/Desktop/Jenkins_PR/src/test/resources/features/researchCandidature.feature:45)
]]>
</failure>
<system-out><![CDATA[
Given the admin is on the home page.........................................passed
When the admin clicks on connexion..........................................passed
And the admin enters mouna.makni@talan.com and Admin09$.....................passed
And the admin clicks on login button........................................passed
When the admin navigates to the candidature section.........................passed
And the admin types "A la recherche d’une nouvelle opportunité" in the search field.passed
Then no candidat data should appear.........................................failed
]]></system-out>
</testcase>
</testsuite>
